INFO:root:Logging started at 2021-04-06 19:10:09.306765
INFO:root:Reading in data from C:/Users/Bewle/OneDrive/Documents/school/Rutgers_courses_etc/2021_spring/3_transportation_equity/paper/testdata.csv
INFO:root:Dataset spans 2021-03-29 06:00:08.709000 to 2021-03-30 10:19:52.543000
INFO:root:Number of unique routes: 148
INFO:root:Logging started at 2021-04-06 19:17:10.158642
INFO:root:Reading in data from C:/Users/Bewle/OneDrive/Documents/school/Rutgers_courses_etc/2021_spring/3_transportation_equity/paper/testdata.csv
INFO:root:Dataset spans 2021-03-29 06:00:08.709000 to 2021-03-30 10:19:52.543000
INFO:root:Number of unique routes: 148
INFO:root:Logging started at 2021-04-06 19:37:58.471930
INFO:root:Reading in data from C:/Users/Bewle/OneDrive/Documents/school/Rutgers_courses_etc/2021_spring/3_transportation_equity/paper/testdata.csv
INFO:root:Dataset spans 2021-03-29 06:00:08.709000 to 2021-03-30 10:19:52.543000
INFO:root:Number of unique routes: 148
INFO:root:Logging started at 2021-04-06 19:43:17.430553
INFO:root:Reading in data from C:/Users/Bewle/OneDrive/Documents/school/Rutgers_courses_etc/2021_spring/3_transportation_equity/paper/testdata.csv
INFO:root:Dataset spans 2021-03-29 06:00:08.709000 to 2021-03-30 10:19:52.543000
INFO:root:Number of unique routes: 148
INFO:root:Logging started at 2021-04-06 20:13:37.550601
INFO:root:Reading in data from C:/Users/Bewle/OneDrive/Documents/school/Rutgers_courses_etc/2021_spring/3_transportation_equity/paper/testdata.csv
INFO:root:Dataset spans 2021-03-29 06:00:08.709000 to 2021-03-30 10:19:52.543000
INFO:root:Number of unique routes: 148
INFO:root:Logging started at 2021-04-06 21:06:31.011086
INFO:root:Reading in data from C:/Users/Bewle/OneDrive/Documents/school/Rutgers_courses_etc/2021_spring/3_transportation_equity/paper/testdata.csv
INFO:root:Dataset spans 2021-03-29 06:00:08.709000 to 2021-03-30 10:19:52.543000
INFO:root:Number of unique routes: 148
INFO:root:Logging started at 2021-04-06 21:13:58.818081
INFO:root:Reading in data from C:/Users/Bewle/OneDrive/Documents/school/Rutgers_courses_etc/2021_spring/3_transportation_equity/paper/testdata.csv
INFO:root:Dataset spans 2021-03-29 06:00:08.709000 to 2021-03-30 10:19:52.543000
INFO:root:Number of unique routes: 148
INFO:root:Logging started at 2021-04-06 22:38:08.420279
INFO:root:Reading in data from C:/Users/Bewle/OneDrive/Documents/school/Rutgers_courses_etc/2021_spring/3_transportation_equity/paper/testdata.csv
INFO:root:Dataset spans 2021-03-29 06:00:08.709000 to 2021-03-30 10:19:52.543000
INFO:root:Number of unique routes: 148
INFO:root:Reading in data from C:/Users/Bewle/OneDrive/Documents/school/Rutgers_courses_etc/2021_spring/3_transportation_equity/paper/testdata.csv
INFO:root:Logging started at 2021-04-06 23:30:05.840937
INFO:root:Reading in data from C:/Users/Bewle/OneDrive/Documents/school/Rutgers_courses_etc/2021_spring/3_transportation_equity/paper/testdata.csv
INFO:root:Dataset spans 2021-03-29 06:00:08.709000 to 2021-03-30 10:19:52.543000
INFO:root:Number of unique routes: 148
INFO:root:Reading in data from C:/Users/Bewle/OneDrive/Documents/school/Rutgers_courses_etc/2021_spring/3_transportation_equity/paper/testdata.csv
INFO:root:Reading in data from C:/Users/Bewle/OneDrive/Documents/school/Rutgers_courses_etc/2021_spring/3_transportation_equity/paper/testdata.csv
INFO:root:Logging started at 2021-04-07 01:01:51.032441
INFO:root:Reading in data from C:/Users/Bewle/OneDrive/Documents/school/Rutgers_courses_etc/2021_spring/3_transportation_equity/paper/testdata.csv
INFO:root:Dataset spans 2021-03-29 06:00:08.709000 to 2021-03-30 10:19:52.543000
INFO:root:Number of unique routes: 146
INFO:root:Logging started at 2021-04-07 05:50:25.083715
INFO:root:Reading in data from C:/Users/Bewle/OneDrive/Documents/school/Rutgers_courses_etc/2021_spring/3_transportation_equity/paper/testdata.csv
INFO:root:Logging started at 2021-04-07 05:58:27.639581
INFO:root:Reading in data from C:/Users/Bewle/OneDrive/Documents/school/Rutgers_courses_etc/2021_spring/3_transportation_equity/paper/testdata.csv
INFO:root:Logging started at 2021-04-07 06:03:22.313712
INFO:root:Reading in data from C:/Users/Bewle/OneDrive/Documents/school/Rutgers_courses_etc/2021_spring/3_transportation_equity/paper/testdata.csv
INFO:root:Logging started at 2021-04-08 16:32:07.700792
INFO:root:Reading in data from C:/Users/Bewle/OneDrive/Documents/school/Rutgers_courses_etc/2021_spring/3_transportation_equity/paper/testdata.csv
INFO:root:Logging started at 2021-04-09 00:00:55.414712
INFO:root:Reading in data from C:/Users/Bewle/OneDrive/Documents/school/Rutgers_courses_etc/2021_spring/3_transportation_equity/paper/testdata.csv
INFO:root:Dataset spans 2021-03-29 06:00:09.693000 to 2021-03-30 10:19:52.543000
INFO:root:Number of unique routes: 46
INFO:root:Logging started at 2021-04-09 14:12:22.720725
INFO:root:Reading in data from C:/Users/Bewle/OneDrive/Documents/school/Rutgers_courses_etc/2021_spring/3_transportation_equity/paper/testdata.csv
INFO:root:Dataset spans 2021-03-29 06:00:09.693000 to 2021-03-30 10:19:52.543000
INFO:root:Number of unique routes: 46
INFO:root:Reading in data from C:/Users/Bewle/OneDrive/Documents/school/Rutgers_courses_etc/2021_spring/3_transportation_equity/paper/testdata.csv
INFO:root:Logging started at 2021-04-09 15:16:17.820313
INFO:root:Reading in data from C:/Users/Bewle/OneDrive/Documents/school/Rutgers_courses_etc/2021_spring/3_transportation_equity/paper/testdata.csv
INFO:root:Dataset spans 2021-03-29 06:00:09.693000 to 2021-03-30 10:19:52.543000
INFO:root:Number of unique routes: 46
INFO:root:Logging started at 2021-04-10 00:29:07.498820
INFO:root:Reading in data from C:/Users/Bewle/OneDrive/Documents/school/Rutgers_courses_etc/2021_spring/3_transportation_equity/paper/testdata.csv
INFO:root:Dataset spans 2021-03-29 06:00:09.693000 to 2021-03-30 10:19:52.543000
INFO:root:Number of unique routes: 46
INFO:root:Logging started at 2021-04-10 23:50:12.258675
INFO:root:Reading in data from C:/Users/Bewle/OneDrive/Documents/school/Rutgers_courses_etc/2021_spring/3_transportation_equity/paper/testdata.csv
INFO:root:Logging started at 2021-04-11 12:54:11.634703
INFO:root:Reading in data from C:/Users/Bewle/OneDrive/Documents/school/Rutgers_courses_etc/2021_spring/3_transportation_equity/paper/testdata.csv
INFO:root:Logging started at 2021-04-11 13:05:52.950376
INFO:root:Reading in data from C:/Users/Bewle/OneDrive/Documents/school/Rutgers_courses_etc/2021_spring/3_transportation_equity/paper/testdata.csv
INFO:root:Logging started at 2021-04-11 13:16:15.871556
INFO:root:Reading in data from C:/Users/Bewle/OneDrive/Documents/school/Rutgers_courses_etc/2021_spring/3_transportation_equity/paper/testdata.csv
INFO:root:Dataset spans 2021-03-29 06:00:09.693000 to 2021-03-30 10:19:52.543000
INFO:root:Number of unique routes: 46
INFO:root:Logging started at 2021-04-11 16:23:25.444499
INFO:root:Reading in data from C:/Users/Bewle/OneDrive/Documents/school/Rutgers_courses_etc/2021_spring/3_transportation_equity/paper/testdata.csv
INFO:root:Logging started at 2021-04-11 17:03:02.336629
INFO:root:Reading in data from C:/Users/Bewle/OneDrive/Documents/school/Rutgers_courses_etc/2021_spring/3_transportation_equity/paper/testdata.csv
INFO:root:Logging started at 2021-04-11 18:07:28.904940
INFO:root:Reading in data from C:/Users/Bewle/OneDrive/Documents/school/Rutgers_courses_etc/2021_spring/3_transportation_equity/paper/testdata.csv
INFO:root:Logging started at 2021-04-11 19:21:34.556406
INFO:root:Reading in data from C:/Users/Bewle/OneDrive/Documents/school/Rutgers_courses_etc/2021_spring/3_transportation_equity/paper/testdata.csv
INFO:root:Logging started at 2021-04-11 23:02:58.881774
INFO:root:Reading in data from C:/Users/Bewle/OneDrive/Documents/school/Rutgers_courses_etc/2021_spring/3_transportation_equity/paper/testdata_bigger.csv
INFO:root:Logging started at 2021-04-12 00:10:26.925963
INFO:root:Reading in data from C:/Users/Bewle/OneDrive/Documents/school/Rutgers_courses_etc/2021_spring/3_transportation_equity/paper/testdata_bigger.csv
INFO:root:Logging started at 2021-04-12 00:11:00.921588
INFO:root:Reading in data from C:/Users/Bewle/OneDrive/Documents/school/Rutgers_courses_etc/2021_spring/3_transportation_equity/paper/testdata_bigger.csv
INFO:root:Logging started at 2021-04-12 00:17:06.100854
INFO:root:Reading in data from C:/Users/Bewle/OneDrive/Documents/school/Rutgers_courses_etc/2021_spring/3_transportation_equity/paper/testdata_bigger.csv
INFO:root:Logging started at 2021-04-12 00:26:57.490734
INFO:root:Reading in data from C:/Users/Bewle/OneDrive/Documents/school/Rutgers_courses_etc/2021_spring/3_transportation_equity/paper/testdata_bigger.csv
INFO:root:Reading in data from C:/Users/Bewle/OneDrive/Documents/school/Rutgers_courses_etc/2021_spring/3_transportation_equity/paper/testdata_bigger.csv
INFO:root:Dataset spans 2021-03-29 06:00:09.693000 to 2021-04-04 10:26:33.240000
INFO:root:Number of unique routes: 46
INFO:root:Logging started at 2021-04-12 01:43:15.658237
INFO:root:Reading in data from C:/Users/Bewle/OneDrive/Documents/school/Rutgers_courses_etc/2021_spring/3_transportation_equity/paper/testdata_bigger.csv
INFO:root:Logging started at 2021-04-12 01:46:56.261168
INFO:root:Reading in data from C:/Users/Bewle/OneDrive/Documents/school/Rutgers_courses_etc/2021_spring/3_transportation_equity/paper/testdata_bigger.csv
INFO:root:Logging started at 2021-04-12 01:54:21.725316
INFO:root:Reading in data from C:/Users/Bewle/OneDrive/Documents/school/Rutgers_courses_etc/2021_spring/3_transportation_equity/paper/testdata_bigger.csv
INFO:root:Logging started at 2021-04-12 02:32:24.893777
INFO:root:Reading in data from C:/Users/Bewle/OneDrive/Documents/school/Rutgers_courses_etc/2021_spring/3_transportation_equity/paper/testdata_bigger.csv
INFO:root:Logging started at 2021-04-12 02:49:12.688429
INFO:root:Reading in data from C:/Users/Bewle/OneDrive/Documents/school/Rutgers_courses_etc/2021_spring/3_transportation_equity/paper/testdata_bigger.csv
INFO:root:Dataset spans 2021-03-29 06:00:09.693000 to 2021-04-04 10:26:33.240000
INFO:root:Number of unique routes: 46
INFO:root:Logging started at 2021-04-12 03:08:29.966866
INFO:root:Reading in data from C:/Users/Bewle/OneDrive/Documents/school/Rutgers_courses_etc/2021_spring/3_transportation_equity/paper/testdata_bigger.csv
INFO:root:Logging started at 2021-04-12 03:19:59.659785
INFO:root:Reading in data from C:/Users/Bewle/OneDrive/Documents/school/Rutgers_courses_etc/2021_spring/3_transportation_equity/paper/testdata_bigger.csv
INFO:root:Logging started at 2021-04-12 03:47:08.617372
INFO:root:Reading in data from C:/Users/Bewle/OneDrive/Documents/school/Rutgers_courses_etc/2021_spring/3_transportation_equity/paper/testdata_bigger.csv
INFO:root:Dataset spans 2021-03-29 06:00:09.693000 to 2021-04-04 10:26:33.240000
INFO:root:Number of unique routes: 46
INFO:root:Logging started at 2021-04-12 16:49:08.646049
INFO:root:Reading in data from C:/Users/Bewle/OneDrive/Documents/school/Rutgers_courses_etc/2021_spring/3_transportation_equity/paper/testdata_bigger.csv
INFO:root:Dataset spans 2021-03-29 06:00:09.693000 to 2021-04-04 10:26:33.240000
INFO:root:Number of unique routes: 46
ERROR:fiona._env:C:/Users/Bewle/OneDrive/Documents/data/geographic/boundaries/2019_NJ_block_groups.shp: No such file or directory
INFO:root:Logging started at 2021-04-12 21:09:01.638193
INFO:root:Reading in data from C:/Users/Bewle/OneDrive/Documents/school/Rutgers_courses_etc/2021_spring/3_transportation_equity/paper/testdata_bigger.csv
INFO:root:Logging started at 2021-04-12 21:09:25.817730
INFO:root:Reading in data from C:/Users/Bewle/OneDrive/Documents/school/Rutgers_courses_etc/2021_spring/3_transportation_equity/paper/testdata_bigger.csv
INFO:root:Logging started at 2021-04-13 01:00:13.840163
INFO:root:Reading in data from C:/Users/Bewle/OneDrive/Documents/school/Rutgers_courses_etc/2021_spring/3_transportation_equity/paper/testdata_bigger.csv
INFO:root:Logging started at 2021-04-13 01:46:29.079827
INFO:root:Reading in data from C:/Users/Bewle/OneDrive/Documents/school/Rutgers_courses_etc/2021_spring/3_transportation_equity/paper/testdata_bigger.csv
INFO:root:Logging started at 2021-04-13 02:27:09.117361
INFO:root:Reading in data from C:/Users/Bewle/OneDrive/Documents/school/Rutgers_courses_etc/2021_spring/3_transportation_equity/paper/testdata_bigger.csv
INFO:root:Logging started at 2021-04-13 02:58:02.245104
INFO:root:Reading in data from C:/Users/Bewle/OneDrive/Documents/school/Rutgers_courses_etc/2021_spring/3_transportation_equity/paper/testdata_bigger.csv
INFO:root:Logging started at 2021-04-13 03:02:22.562356
INFO:root:Reading in data from C:/Users/Bewle/OneDrive/Documents/school/Rutgers_courses_etc/2021_spring/3_transportation_equity/paper/testdata_bigger.csv
INFO:root:Logging started at 2021-04-13 03:11:51.501199
INFO:root:Reading in data from C:/Users/Bewle/OneDrive/Documents/school/Rutgers_courses_etc/2021_spring/3_transportation_equity/paper/testdata_bigger.csv
INFO:root:Logging started at 2021-04-13 03:30:27.545077
INFO:root:Reading in data from C:/Users/Bewle/OneDrive/Documents/school/Rutgers_courses_etc/2021_spring/3_transportation_equity/paper/testdata_bigger.csv
INFO:root:Dataset spans 2021-03-29 06:00:34.295000 to 2021-04-04 10:26:33.240000
INFO:root:Number of unique routes: 46
INFO:root:Logging started at 2021-04-13 03:58:55.809921
INFO:root:Reading in data from C:/Users/Bewle/OneDrive/Documents/school/Rutgers_courses_etc/2021_spring/3_transportation_equity/paper/testdata_bigger.csv
INFO:root:Dataset spans 2021-03-29 06:00:34.295000 to 2021-04-04 10:26:33.240000
INFO:root:Number of unique routes: 46
INFO:root:Logging started at 2021-04-13 12:45:29.533512
INFO:root:Reading in data from C:/Users/Bewle/OneDrive/Documents/school/Rutgers_courses_etc/2021_spring/3_transportation_equity/paper/testdata_bigger.csv
INFO:root:Dataset spans 2021-03-29 06:00:34.295000 to 2021-04-04 10:26:33.240000
INFO:root:Number of unique routes: 46
INFO:root:Logging started at 2021-04-13 22:06:35.394601
INFO:root:Reading in data from C:/Users/Bewle/OneDrive/Documents/school/Rutgers_courses_etc/2021_spring/3_transportation_equity/paper/testdata_bigger.csv
INFO:root:Logging started at 2021-04-13 22:12:47.019822
INFO:root:Reading in data from C:/Users/Bewle/OneDrive/Documents/school/Rutgers_courses_etc/2021_spring/3_transportation_equity/paper/testdata_bigger.csv
INFO:root:Logging started at 2021-04-13 22:17:08.665402
INFO:root:Reading in data from C:/Users/Bewle/OneDrive/Documents/school/Rutgers_courses_etc/2021_spring/3_transportation_equity/paper/testdata_bigger.csv
INFO:root:Dataset spans 2021-03-29 06:00:34.295000 to 2021-04-11 22:59:58.996000
INFO:root:Number of unique routes: 52
INFO:root:Logging started at 2021-04-14 00:45:59.712787
INFO:root:Reading in data from C:/Users/Bewle/OneDrive/Documents/school/Rutgers_courses_etc/2021_spring/3_transportation_equity/paper/testdata_bigger.csv
INFO:root:Logging started at 2021-04-14 00:49:21.137477
INFO:root:Reading in data from C:/Users/Bewle/OneDrive/Documents/school/Rutgers_courses_etc/2021_spring/3_transportation_equity/paper/testdata_bigger.csv
INFO:root:Logging started at 2021-04-14 01:05:19.616582
INFO:root:Reading in data from C:/Users/Bewle/OneDrive/Documents/school/Rutgers_courses_etc/2021_spring/3_transportation_equity/paper/testdata_bigger.csv
INFO:root:Logging started at 2021-04-14 01:20:19.462540
INFO:root:Reading in data from C:/Users/Bewle/OneDrive/Documents/school/Rutgers_courses_etc/2021_spring/3_transportation_equity/paper/testdata_bigger.csv
INFO:root:Logging started at 2021-04-14 01:34:00.883135
INFO:root:Reading in data from C:/Users/Bewle/OneDrive/Documents/school/Rutgers_courses_etc/2021_spring/3_transportation_equity/paper/testdata_bigger.csv
INFO:root:Logging started at 2021-04-14 01:46:20.225141
INFO:root:Reading in data from C:/Users/Bewle/OneDrive/Documents/school/Rutgers_courses_etc/2021_spring/3_transportation_equity/paper/testdata_bigger.csv
INFO:root:Logging started at 2021-04-14 01:52:33.389560
INFO:root:Reading in data from C:/Users/Bewle/OneDrive/Documents/school/Rutgers_courses_etc/2021_spring/3_transportation_equity/paper/testdata_bigger.csv
INFO:root:Logging started at 2021-04-14 02:13:39.057790
INFO:root:Reading in data from C:/Users/Bewle/OneDrive/Documents/school/Rutgers_courses_etc/2021_spring/3_transportation_equity/paper/testdata_bigger.csv
INFO:root:Logging started at 2021-04-14 02:26:23.296316
INFO:root:Reading in data from C:/Users/Bewle/OneDrive/Documents/school/Rutgers_courses_etc/2021_spring/3_transportation_equity/paper/testdata_bigger.csv
INFO:root:Logging started at 2021-04-14 02:35:37.338166
INFO:root:Reading in data from C:/Users/Bewle/OneDrive/Documents/school/Rutgers_courses_etc/2021_spring/3_transportation_equity/paper/testdata_bigger.csv
INFO:root:Logging started at 2021-04-14 07:15:30.547940
INFO:root:Reading in data from C:/Users/Bewle/OneDrive/Documents/school/Rutgers_courses_etc/2021_spring/3_transportation_equity/paper/data_deduped.csv
INFO:root:Logging started at 2021-04-14 07:23:35.821274
INFO:root:Reading in data from C:/Users/Bewle/OneDrive/Documents/school/Rutgers_courses_etc/2021_spring/3_transportation_equity/paper/data_deduped.csv
INFO:root:Logging started at 2021-04-14 07:27:00.164787
INFO:root:Reading in data from C:/Users/Bewle/OneDrive/Documents/school/Rutgers_courses_etc/2021_spring/3_transportation_equity/paper/data_deduped.csv
INFO:root:Reading in data from C:/Users/Bewle/OneDrive/Documents/school/Rutgers_courses_etc/2021_spring/3_transportation_equity/paper/data_deduped.csv
INFO:root:Reading in data from C:/Users/Bewle/OneDrive/Documents/school/Rutgers_courses_etc/2021_spring/3_transportation_equity/paper/data_deduped.csv
INFO:root:Logging started at 2021-04-14 07:34:06.166873
INFO:root:Reading in data from C:/Users/Bewle/OneDrive/Documents/school/Rutgers_courses_etc/2021_spring/3_transportation_equity/paper/data_deduped.csv
INFO:root:Logging started at 2021-04-14 07:38:38.580683
INFO:root:Reading in data from C:/Users/Bewle/OneDrive/Documents/school/Rutgers_courses_etc/2021_spring/3_transportation_equity/paper/data_deduped.csv
INFO:root:Dataset spans 2021-03-29 06:00:34.295000 to 2021-04-11 22:59:58.996000
INFO:root:Number of unique routes: 52
INFO:root:Logging started at 2021-04-14 09:20:53.401063
INFO:root:Reading in data from C:/Users/Bewle/OneDrive/Documents/school/Rutgers_courses_etc/2021_spring/3_transportation_equity/paper/data_deduped.csv
INFO:root:Dataset spans 2021-03-29 06:00:34.295000 to 2021-04-06 06:18:37.017000
INFO:root:Number of unique routes: 50
INFO:root:Logging started at 2021-04-16 13:57:02.642495
INFO:root:Reading in data from C:/Users/Bewle/OneDrive/Documents/school/Rutgers_courses_etc/2021_spring/3_transportation_equity/paper/data_deduped.csv
INFO:root:Logging started at 2021-04-16 14:35:06.015373
INFO:root:Reading in data from C:/Users/Bewle/OneDrive/Documents/school/Rutgers_courses_etc/2021_spring/3_transportation_equity/paper/data_deduped.csv
INFO:root:Logging started at 2021-04-16 14:35:41.403867
INFO:root:Reading in data from C:/Users/Bewle/OneDrive/Documents/school/Rutgers_courses_etc/2021_spring/3_transportation_equity/paper/data_deduped.csv
INFO:root:Logging started at 2021-04-16 14:42:01.841051
INFO:root:Reading in data from C:/Users/Bewle/OneDrive/Documents/school/Rutgers_courses_etc/2021_spring/3_transportation_equity/paper/data_deduped.csv
INFO:root:Logging started at 2021-04-16 14:45:30.905911
INFO:root:Reading in data from C:/Users/Bewle/OneDrive/Documents/school/Rutgers_courses_etc/2021_spring/3_transportation_equity/paper/data_deduped.csv
INFO:sqlalchemy.engine.Engine:select version()
INFO:sqlalchemy.engine.Engine:[raw sql] {}
INFO:sqlalchemy.engine.Engine:select current_schema()
INFO:sqlalchemy.engine.Engine:[raw sql] {}
INFO:sqlalchemy.engine.Engine:show standard_conforming_strings
INFO:sqlalchemy.engine.Engine:[raw sql] {}
INFO:sqlalchemy.engine.Engine:
            SELECT c.oid
            FROM pg_catalog.pg_class c
            LEFT JOIN pg_catalog.pg_namespace n ON n.oid = c.relnamespace
            WHERE (pg_catalog.pg_table_is_visible(c.oid))
            AND c.relname = %(table_name)s AND c.relkind in
            ('r', 'v', 'm', 'f', 'p')
        
INFO:sqlalchemy.engine.Engine:[generated in 0.00188s] {'table_name': 'buspositions'}
INFO:sqlalchemy.engine.Engine:
            SELECT a.attname,
              pg_catalog.format_type(a.atttypid, a.atttypmod),
              (
                SELECT pg_catalog.pg_get_expr(d.adbin, d.adrelid)
                FROM pg_catalog.pg_attrdef d
                WHERE d.adrelid = a.attrelid AND d.adnum = a.attnum
                AND a.atthasdef
              ) AS DEFAULT,
              a.attnotnull,
              a.attrelid as table_oid,
              pgd.description as comment,
              a.attgenerated as generated,
                              (SELECT json_build_object(
                    'always', a.attidentity = 'a',
                    'start', s.seqstart,
                    'increment', s.seqincrement,
                    'minvalue', s.seqmin,
                    'maxvalue', s.seqmax,
                    'cache', s.seqcache,
                    'cycle', s.seqcycle)
                FROM pg_catalog.pg_sequence s
                JOIN pg_catalog.pg_class c on s.seqrelid = c."oid"
                WHERE c.relkind = 'S'
                AND a.attidentity != ''
                AND s.seqrelid = pg_catalog.pg_get_serial_sequence(
                    a.attrelid::regclass::text, a.attname
                )::regclass::oid
                ) as identity_options                
            FROM pg_catalog.pg_attribute a
            LEFT JOIN pg_catalog.pg_description pgd ON (
                pgd.objoid = a.attrelid AND pgd.objsubid = a.attnum)
            WHERE a.attrelid = %(table_oid)s
            AND a.attnum > 0 AND NOT a.attisdropped
            ORDER BY a.attnum
        
INFO:sqlalchemy.engine.Engine:[generated in 0.00133s] {'table_oid': 20388}
INFO:sqlalchemy.engine.Engine:
            SELECT t.typname as "name",
               pg_catalog.format_type(t.typbasetype, t.typtypmod) as "attype",
               not t.typnotnull as "nullable",
               t.typdefault as "default",
               pg_catalog.pg_type_is_visible(t.oid) as "visible",
               n.nspname as "schema"
            FROM pg_catalog.pg_type t
               LEFT JOIN pg_catalog.pg_namespace n ON n.oid = t.typnamespace
            WHERE t.typtype = 'd'
        
INFO:sqlalchemy.engine.Engine:[generated in 0.00128s] {}
INFO:sqlalchemy.engine.Engine:
            SELECT t.typname as "name",
               -- no enum defaults in 8.4 at least
               -- t.typdefault as "default",
               pg_catalog.pg_type_is_visible(t.oid) as "visible",
               n.nspname as "schema",
               e.enumlabel as "label"
            FROM pg_catalog.pg_type t
                 LEFT JOIN pg_catalog.pg_namespace n ON n.oid = t.typnamespace
                 LEFT JOIN pg_catalog.pg_enum e ON t.oid = e.enumtypid
            WHERE t.typtype = 'e'
        ORDER BY "schema", "name", e.oid
INFO:sqlalchemy.engine.Engine:[generated in 0.00149s] {}
INFO:sqlalchemy.engine.Engine:
                SELECT a.attname
                FROM pg_attribute a JOIN (
                    SELECT unnest(ix.indkey) attnum,
                           generate_subscripts(ix.indkey, 1) ord
                    FROM pg_index ix
                    WHERE ix.indrelid = %(table_oid)s AND ix.indisprimary
                    ) k ON a.attnum=k.attnum
                WHERE a.attrelid = %(table_oid)s
                ORDER BY k.ord
            
INFO:sqlalchemy.engine.Engine:[generated in 0.00136s] {'table_oid': 20388}
INFO:sqlalchemy.engine.Engine:
        SELECT conname
           FROM  pg_catalog.pg_constraint r
           WHERE r.conrelid = %(table_oid)s AND r.contype = 'p'
           ORDER BY 1
        
INFO:sqlalchemy.engine.Engine:[generated in 0.00117s] {'table_oid': 20388}
INFO:sqlalchemy.engine.Engine:
          SELECT r.conname,
                pg_catalog.pg_get_constraintdef(r.oid, true) as condef,
                n.nspname as conschema
          FROM  pg_catalog.pg_constraint r,
                pg_namespace n,
                pg_class c

          WHERE r.conrelid = %(table)s AND
                r.contype = 'f' AND
                c.oid = confrelid AND
                n.oid = c.relnamespace
          ORDER BY 1
        
INFO:sqlalchemy.engine.Engine:[generated in 0.00139s] {'table': 20388}
INFO:sqlalchemy.engine.Engine:
              SELECT
                  i.relname as relname,
                  ix.indisunique, ix.indexprs,
                  a.attname, a.attnum, c.conrelid, ix.indkey::varchar,
                  ix.indoption::varchar, i.reloptions, am.amname,
                  pg_get_expr(ix.indpred, ix.indrelid),
                  ix.indnkeyatts as indnkeyatts
              FROM
                  pg_class t
                        join pg_index ix on t.oid = ix.indrelid
                        join pg_class i on i.oid = ix.indexrelid
                        left outer join
                            pg_attribute a
                            on t.oid = a.attrelid and a.attnum = ANY(ix.indkey)
                        left outer join
                            pg_constraint c
                            on (ix.indrelid = c.conrelid and
                                ix.indexrelid = c.conindid and
                                c.contype in ('p', 'u', 'x'))
                        left outer join
                            pg_am am
                            on i.relam = am.oid
              WHERE
                  t.relkind IN ('r', 'v', 'f', 'm', 'p')
                  and t.oid = %(table_oid)s
                  and ix.indisprimary = 'f'
              ORDER BY
                  t.relname,
                  i.relname
            
INFO:sqlalchemy.engine.Engine:[generated in 0.00181s] {'table_oid': 20388}
INFO:sqlalchemy.engine.Engine:
            SELECT
                cons.conname as name,
                cons.conkey as key,
                a.attnum as col_num,
                a.attname as col_name
            FROM
                pg_catalog.pg_constraint cons
                join pg_attribute a
                  on cons.conrelid = a.attrelid AND
                    a.attnum = ANY(cons.conkey)
            WHERE
                cons.conrelid = %(table_oid)s AND
                cons.contype = 'u'
        
INFO:sqlalchemy.engine.Engine:[generated in 0.00187s] {'table_oid': 20388}
INFO:sqlalchemy.engine.Engine:
            SELECT
                cons.conname as name,
                pg_get_constraintdef(cons.oid) as src
            FROM
                pg_catalog.pg_constraint cons
            WHERE
                cons.conrelid = %(table_oid)s AND
                cons.contype = 'c'
        
INFO:sqlalchemy.engine.Engine:[generated in 0.00132s] {'table_oid': 20388}
INFO:sqlalchemy.engine.Engine:
            SELECT
                pgd.description as table_comment
            FROM
                pg_catalog.pg_description pgd
            WHERE
                pgd.objsubid = 0 AND
                pgd.objoid = %(table_oid)s
        
INFO:sqlalchemy.engine.Engine:[generated in 0.00180s] {'table_oid': 20388}
INFO:sqlalchemy.engine.Engine:SELECT count(*) FROM buspositions
INFO:sqlalchemy.engine.Engine:[raw sql] {}
INFO:sqlalchemy.engine.Engine:SELECT count(*) FROM buspositions
INFO:sqlalchemy.engine.Engine:[raw sql] {}
INFO:sqlalchemy.engine.Engine:SELECT count(*) FROM buspositions;
INFO:sqlalchemy.engine.Engine:[generated in 0.00150s] {}
INFO:sqlalchemy.engine.Engine:SELECT count(*) FROM buspositions;
INFO:sqlalchemy.engine.Engine:[cached since 123.4s ago] {}
INFO:sqlalchemy.engine.Engine:SELECT count(*) FROM buspositions;
INFO:sqlalchemy.engine.Engine:[cached since 191.1s ago] {}
INFO:sqlalchemy.engine.Engine:SELECT count(*) FROM buspositions;
INFO:sqlalchemy.engine.Engine:[cached since 220s ago] {}
INFO:sqlalchemy.engine.Engine:SELECT DISTINCT ON (month, day, run_number, vehicle_id, geometry)                                                 FROM buspositions                                                 WHERE has_service=True                                                 ORDER BY timestamp ASC
INFO:sqlalchemy.engine.Engine:[generated in 0.00167s] {}
INFO:sqlalchemy.engine.Engine:ROLLBACK
INFO:sqlalchemy.engine.Engine:SELECT DISTINCT ON (month, day, run_number, vehicle_id, geometry) *                                                 FROM buspositions                                                 WHERE has_service=True                                                 ORDER BY timestamp ASC;
INFO:sqlalchemy.engine.Engine:[generated in 0.00156s] {}
INFO:sqlalchemy.engine.Engine:ROLLBACK
INFO:sqlalchemy.engine.Engine:SELECT * FROM buspositions b                                 WHERE NOT EXISTS(                                     SELECT FROM buspositions b1                                     WHERE b.run_number = b1.run_number                                     AND b.vehicle_id = b1.vehicle_id                                     AND b.geometry = b1.geometry                                     AND date_trunc('day', b.timestamp)::date = date_trunc('day', b1.timestamp)::date                                     AND b.id <> b1.id                                     )
INFO:sqlalchemy.engine.Engine:[raw sql] {}
INFO:sqlalchemy.engine.Engine:ROLLBACK
INFO:sqlalchemy.engine.Engine:SELECT * FROM buspositions b                                 WHERE NOT EXISTS(                                     SELECT FROM buspositions b1                                     WHERE b.run_number = b1.run_number                                     AND b.vehicle_id = b1.vehicle_id                                     AND b.lon = b1.lon                                     AND b.lat = b1.lat                                     AND date_trunc('day', b.timestamp)::date = date_trunc('day', b1.timestamp)::date                                     AND b.id <> b1.id                                     )
INFO:sqlalchemy.engine.Engine:[raw sql] {}
INFO:sqlalchemy.engine.Engine:SELECT * FROM buspositions b                                 WHERE NOT EXISTS(                                     SELECT FROM buspositions b1                                     WHERE b.run_number = b1.run_number                                     AND b.vehicle_id = b1.vehicle_id                                     AND b.lon = b1.lon                                     AND b.lat = b1.lat                                     AND date_trunc('day', b.timestamp)::date = date_trunc('day', b1.timestamp)::date                                     AND b.id <> b1.id                                     AND b.has_service = True                                     )
INFO:sqlalchemy.engine.Engine:[raw sql] {}
INFO:root:Logging started at 2021-04-16 18:25:13.438653
INFO:root:Reading in data from C:/Users/Bewle/OneDrive/Documents/school/Rutgers_courses_etc/2021_spring/3_transportation_equity/paper/data/data_deduped.csv
INFO:sqlalchemy.engine.Engine:select version()
INFO:sqlalchemy.engine.Engine:[raw sql] {}
INFO:sqlalchemy.engine.Engine:select current_schema()
INFO:sqlalchemy.engine.Engine:[raw sql] {}
INFO:sqlalchemy.engine.Engine:show standard_conforming_strings
INFO:sqlalchemy.engine.Engine:[raw sql] {}
INFO:sqlalchemy.engine.Engine:
            SELECT c.oid
            FROM pg_catalog.pg_class c
            LEFT JOIN pg_catalog.pg_namespace n ON n.oid = c.relnamespace
            WHERE (pg_catalog.pg_table_is_visible(c.oid))
            AND c.relname = %(table_name)s AND c.relkind in
            ('r', 'v', 'm', 'f', 'p')
        
INFO:sqlalchemy.engine.Engine:[generated in 0.00148s] {'table_name': 'buspositions'}
INFO:sqlalchemy.engine.Engine:
            SELECT a.attname,
              pg_catalog.format_type(a.atttypid, a.atttypmod),
              (
                SELECT pg_catalog.pg_get_expr(d.adbin, d.adrelid)
                FROM pg_catalog.pg_attrdef d
                WHERE d.adrelid = a.attrelid AND d.adnum = a.attnum
                AND a.atthasdef
              ) AS DEFAULT,
              a.attnotnull,
              a.attrelid as table_oid,
              pgd.description as comment,
              a.attgenerated as generated,
                              (SELECT json_build_object(
                    'always', a.attidentity = 'a',
                    'start', s.seqstart,
                    'increment', s.seqincrement,
                    'minvalue', s.seqmin,
                    'maxvalue', s.seqmax,
                    'cache', s.seqcache,
                    'cycle', s.seqcycle)
                FROM pg_catalog.pg_sequence s
                JOIN pg_catalog.pg_class c on s.seqrelid = c."oid"
                WHERE c.relkind = 'S'
                AND a.attidentity != ''
                AND s.seqrelid = pg_catalog.pg_get_serial_sequence(
                    a.attrelid::regclass::text, a.attname
                )::regclass::oid
                ) as identity_options                
            FROM pg_catalog.pg_attribute a
            LEFT JOIN pg_catalog.pg_description pgd ON (
                pgd.objoid = a.attrelid AND pgd.objsubid = a.attnum)
            WHERE a.attrelid = %(table_oid)s
            AND a.attnum > 0 AND NOT a.attisdropped
            ORDER BY a.attnum
        
INFO:sqlalchemy.engine.Engine:[generated in 0.00171s] {'table_oid': 20388}
INFO:sqlalchemy.engine.Engine:
            SELECT t.typname as "name",
               pg_catalog.format_type(t.typbasetype, t.typtypmod) as "attype",
               not t.typnotnull as "nullable",
               t.typdefault as "default",
               pg_catalog.pg_type_is_visible(t.oid) as "visible",
               n.nspname as "schema"
            FROM pg_catalog.pg_type t
               LEFT JOIN pg_catalog.pg_namespace n ON n.oid = t.typnamespace
            WHERE t.typtype = 'd'
        
INFO:sqlalchemy.engine.Engine:[generated in 0.00115s] {}
INFO:sqlalchemy.engine.Engine:
            SELECT t.typname as "name",
               -- no enum defaults in 8.4 at least
               -- t.typdefault as "default",
               pg_catalog.pg_type_is_visible(t.oid) as "visible",
               n.nspname as "schema",
               e.enumlabel as "label"
            FROM pg_catalog.pg_type t
                 LEFT JOIN pg_catalog.pg_namespace n ON n.oid = t.typnamespace
                 LEFT JOIN pg_catalog.pg_enum e ON t.oid = e.enumtypid
            WHERE t.typtype = 'e'
        ORDER BY "schema", "name", e.oid
INFO:sqlalchemy.engine.Engine:[generated in 0.00112s] {}
INFO:sqlalchemy.engine.Engine:
                SELECT a.attname
                FROM pg_attribute a JOIN (
                    SELECT unnest(ix.indkey) attnum,
                           generate_subscripts(ix.indkey, 1) ord
                    FROM pg_index ix
                    WHERE ix.indrelid = %(table_oid)s AND ix.indisprimary
                    ) k ON a.attnum=k.attnum
                WHERE a.attrelid = %(table_oid)s
                ORDER BY k.ord
            
INFO:sqlalchemy.engine.Engine:[generated in 0.00188s] {'table_oid': 20388}
INFO:sqlalchemy.engine.Engine:
        SELECT conname
           FROM  pg_catalog.pg_constraint r
           WHERE r.conrelid = %(table_oid)s AND r.contype = 'p'
           ORDER BY 1
        
INFO:sqlalchemy.engine.Engine:[generated in 0.00112s] {'table_oid': 20388}
INFO:sqlalchemy.engine.Engine:
          SELECT r.conname,
                pg_catalog.pg_get_constraintdef(r.oid, true) as condef,
                n.nspname as conschema
          FROM  pg_catalog.pg_constraint r,
                pg_namespace n,
                pg_class c

          WHERE r.conrelid = %(table)s AND
                r.contype = 'f' AND
                c.oid = confrelid AND
                n.oid = c.relnamespace
          ORDER BY 1
        
INFO:sqlalchemy.engine.Engine:[generated in 0.00111s] {'table': 20388}
INFO:sqlalchemy.engine.Engine:
              SELECT
                  i.relname as relname,
                  ix.indisunique, ix.indexprs,
                  a.attname, a.attnum, c.conrelid, ix.indkey::varchar,
                  ix.indoption::varchar, i.reloptions, am.amname,
                  pg_get_expr(ix.indpred, ix.indrelid),
                  ix.indnkeyatts as indnkeyatts
              FROM
                  pg_class t
                        join pg_index ix on t.oid = ix.indrelid
                        join pg_class i on i.oid = ix.indexrelid
                        left outer join
                            pg_attribute a
                            on t.oid = a.attrelid and a.attnum = ANY(ix.indkey)
                        left outer join
                            pg_constraint c
                            on (ix.indrelid = c.conrelid and
                                ix.indexrelid = c.conindid and
                                c.contype in ('p', 'u', 'x'))
                        left outer join
                            pg_am am
                            on i.relam = am.oid
              WHERE
                  t.relkind IN ('r', 'v', 'f', 'm', 'p')
                  and t.oid = %(table_oid)s
                  and ix.indisprimary = 'f'
              ORDER BY
                  t.relname,
                  i.relname
            
INFO:sqlalchemy.engine.Engine:[generated in 0.00118s] {'table_oid': 20388}
INFO:sqlalchemy.engine.Engine:
            SELECT
                cons.conname as name,
                cons.conkey as key,
                a.attnum as col_num,
                a.attname as col_name
            FROM
                pg_catalog.pg_constraint cons
                join pg_attribute a
                  on cons.conrelid = a.attrelid AND
                    a.attnum = ANY(cons.conkey)
            WHERE
                cons.conrelid = %(table_oid)s AND
                cons.contype = 'u'
        
INFO:sqlalchemy.engine.Engine:[generated in 0.00188s] {'table_oid': 20388}
INFO:sqlalchemy.engine.Engine:
            SELECT
                cons.conname as name,
                pg_get_constraintdef(cons.oid) as src
            FROM
                pg_catalog.pg_constraint cons
            WHERE
                cons.conrelid = %(table_oid)s AND
                cons.contype = 'c'
        
INFO:sqlalchemy.engine.Engine:[generated in 0.00133s] {'table_oid': 20388}
INFO:sqlalchemy.engine.Engine:
            SELECT
                pgd.description as table_comment
            FROM
                pg_catalog.pg_description pgd
            WHERE
                pgd.objsubid = 0 AND
                pgd.objoid = %(table_oid)s
        
INFO:sqlalchemy.engine.Engine:[generated in 0.00130s] {'table_oid': 20388}
INFO:sqlalchemy.engine.Engine:BEGIN (implicit)
INFO:sqlalchemy.engine.Engine:SELECT buspositions.id AS buspositions_id, buspositions.timestamp AS buspositions_timestamp, buspositions.vehicle_id AS buspositions_vehicle_id, buspositions.route_number AS buspositions_route_number, buspositions.direction_compass AS buspositions_direction_compass, buspositions.direction AS buspositions_direction, ST_AsEWKB(buspositions.lonlat) AS buspositions_lonlat, buspositions.run_number AS buspositions_run_number, buspositions.headsign AS buspositions_headsign, buspositions.has_service AS buspositions_has_service, buspositions.request_id AS buspositions_request_id, buspositions.lon AS buspositions_lon, buspositions.lat AS buspositions_lat 
FROM buspositions ORDER BY buspositions.timestamp
INFO:sqlalchemy.engine.Engine:[generated in 0.00124s] {}
INFO:root:Logging started at 2021-04-16 19:45:07.498422
INFO:root:Reading in data from C:/Users/Bewle/OneDrive/Documents/school/Rutgers_courses_etc/2021_spring/3_transportation_equity/paper/data/data_deduped.csv
INFO:sqlalchemy.engine.Engine:select version()
INFO:sqlalchemy.engine.Engine:[raw sql] {}
INFO:sqlalchemy.engine.Engine:select current_schema()
INFO:sqlalchemy.engine.Engine:[raw sql] {}
INFO:sqlalchemy.engine.Engine:show standard_conforming_strings
INFO:sqlalchemy.engine.Engine:[raw sql] {}
INFO:sqlalchemy.engine.Engine:
            SELECT c.oid
            FROM pg_catalog.pg_class c
            LEFT JOIN pg_catalog.pg_namespace n ON n.oid = c.relnamespace
            WHERE (pg_catalog.pg_table_is_visible(c.oid))
            AND c.relname = %(table_name)s AND c.relkind in
            ('r', 'v', 'm', 'f', 'p')
        
INFO:sqlalchemy.engine.Engine:[generated in 0.00169s] {'table_name': 'buspositions'}
INFO:sqlalchemy.engine.Engine:
            SELECT a.attname,
              pg_catalog.format_type(a.atttypid, a.atttypmod),
              (
                SELECT pg_catalog.pg_get_expr(d.adbin, d.adrelid)
                FROM pg_catalog.pg_attrdef d
                WHERE d.adrelid = a.attrelid AND d.adnum = a.attnum
                AND a.atthasdef
              ) AS DEFAULT,
              a.attnotnull,
              a.attrelid as table_oid,
              pgd.description as comment,
              a.attgenerated as generated,
                              (SELECT json_build_object(
                    'always', a.attidentity = 'a',
                    'start', s.seqstart,
                    'increment', s.seqincrement,
                    'minvalue', s.seqmin,
                    'maxvalue', s.seqmax,
                    'cache', s.seqcache,
                    'cycle', s.seqcycle)
                FROM pg_catalog.pg_sequence s
                JOIN pg_catalog.pg_class c on s.seqrelid = c."oid"
                WHERE c.relkind = 'S'
                AND a.attidentity != ''
                AND s.seqrelid = pg_catalog.pg_get_serial_sequence(
                    a.attrelid::regclass::text, a.attname
                )::regclass::oid
                ) as identity_options                
            FROM pg_catalog.pg_attribute a
            LEFT JOIN pg_catalog.pg_description pgd ON (
                pgd.objoid = a.attrelid AND pgd.objsubid = a.attnum)
            WHERE a.attrelid = %(table_oid)s
            AND a.attnum > 0 AND NOT a.attisdropped
            ORDER BY a.attnum
        
INFO:sqlalchemy.engine.Engine:[generated in 0.00151s] {'table_oid': 20388}
INFO:sqlalchemy.engine.Engine:
            SELECT t.typname as "name",
               pg_catalog.format_type(t.typbasetype, t.typtypmod) as "attype",
               not t.typnotnull as "nullable",
               t.typdefault as "default",
               pg_catalog.pg_type_is_visible(t.oid) as "visible",
               n.nspname as "schema"
            FROM pg_catalog.pg_type t
               LEFT JOIN pg_catalog.pg_namespace n ON n.oid = t.typnamespace
            WHERE t.typtype = 'd'
        
INFO:sqlalchemy.engine.Engine:[generated in 0.00104s] {}
INFO:sqlalchemy.engine.Engine:
            SELECT t.typname as "name",
               -- no enum defaults in 8.4 at least
               -- t.typdefault as "default",
               pg_catalog.pg_type_is_visible(t.oid) as "visible",
               n.nspname as "schema",
               e.enumlabel as "label"
            FROM pg_catalog.pg_type t
                 LEFT JOIN pg_catalog.pg_namespace n ON n.oid = t.typnamespace
                 LEFT JOIN pg_catalog.pg_enum e ON t.oid = e.enumtypid
            WHERE t.typtype = 'e'
        ORDER BY "schema", "name", e.oid
INFO:sqlalchemy.engine.Engine:[generated in 0.00185s] {}
INFO:sqlalchemy.engine.Engine:
                SELECT a.attname
                FROM pg_attribute a JOIN (
                    SELECT unnest(ix.indkey) attnum,
                           generate_subscripts(ix.indkey, 1) ord
                    FROM pg_index ix
                    WHERE ix.indrelid = %(table_oid)s AND ix.indisprimary
                    ) k ON a.attnum=k.attnum
                WHERE a.attrelid = %(table_oid)s
                ORDER BY k.ord
            
INFO:sqlalchemy.engine.Engine:[generated in 0.00108s] {'table_oid': 20388}
INFO:sqlalchemy.engine.Engine:
        SELECT conname
           FROM  pg_catalog.pg_constraint r
           WHERE r.conrelid = %(table_oid)s AND r.contype = 'p'
           ORDER BY 1
        
INFO:sqlalchemy.engine.Engine:[generated in 0.00107s] {'table_oid': 20388}
INFO:sqlalchemy.engine.Engine:
          SELECT r.conname,
                pg_catalog.pg_get_constraintdef(r.oid, true) as condef,
                n.nspname as conschema
          FROM  pg_catalog.pg_constraint r,
                pg_namespace n,
                pg_class c

          WHERE r.conrelid = %(table)s AND
                r.contype = 'f' AND
                c.oid = confrelid AND
                n.oid = c.relnamespace
          ORDER BY 1
        
INFO:sqlalchemy.engine.Engine:[generated in 0.00118s] {'table': 20388}
INFO:sqlalchemy.engine.Engine:
              SELECT
                  i.relname as relname,
                  ix.indisunique, ix.indexprs,
                  a.attname, a.attnum, c.conrelid, ix.indkey::varchar,
                  ix.indoption::varchar, i.reloptions, am.amname,
                  pg_get_expr(ix.indpred, ix.indrelid),
                  ix.indnkeyatts as indnkeyatts
              FROM
                  pg_class t
                        join pg_index ix on t.oid = ix.indrelid
                        join pg_class i on i.oid = ix.indexrelid
                        left outer join
                            pg_attribute a
                            on t.oid = a.attrelid and a.attnum = ANY(ix.indkey)
                        left outer join
                            pg_constraint c
                            on (ix.indrelid = c.conrelid and
                                ix.indexrelid = c.conindid and
                                c.contype in ('p', 'u', 'x'))
                        left outer join
                            pg_am am
                            on i.relam = am.oid
              WHERE
                  t.relkind IN ('r', 'v', 'f', 'm', 'p')
                  and t.oid = %(table_oid)s
                  and ix.indisprimary = 'f'
              ORDER BY
                  t.relname,
                  i.relname
            
INFO:sqlalchemy.engine.Engine:[generated in 0.00111s] {'table_oid': 20388}
INFO:sqlalchemy.engine.Engine:
            SELECT
                cons.conname as name,
                cons.conkey as key,
                a.attnum as col_num,
                a.attname as col_name
            FROM
                pg_catalog.pg_constraint cons
                join pg_attribute a
                  on cons.conrelid = a.attrelid AND
                    a.attnum = ANY(cons.conkey)
            WHERE
                cons.conrelid = %(table_oid)s AND
                cons.contype = 'u'
        
INFO:sqlalchemy.engine.Engine:[generated in 0.00107s] {'table_oid': 20388}
INFO:sqlalchemy.engine.Engine:
            SELECT
                cons.conname as name,
                pg_get_constraintdef(cons.oid) as src
            FROM
                pg_catalog.pg_constraint cons
            WHERE
                cons.conrelid = %(table_oid)s AND
                cons.contype = 'c'
        
INFO:sqlalchemy.engine.Engine:[generated in 0.00121s] {'table_oid': 20388}
INFO:sqlalchemy.engine.Engine:
            SELECT
                pgd.description as table_comment
            FROM
                pg_catalog.pg_description pgd
            WHERE
                pgd.objsubid = 0 AND
                pgd.objoid = %(table_oid)s
        
INFO:sqlalchemy.engine.Engine:[generated in 0.00157s] {'table_oid': 20388}
INFO:sqlalchemy.engine.Engine:SELECT * FROM buspositions b                                     WHERE NOT EXISTS(                                         SELECT FROM buspositions b1                                         WHERE b.run_number = b1.run_number                                         AND b.vehicle_id = b1.vehicle_id                                         AND b.lon = b1.lon                                         AND b.lat = b1.lat                                         AND date_trunc('day', b.timestamp)::date = date_trunc('day', b1.timestamp)::date                                         AND b.id <> b1.id                                         AND b.has_service = True                                         )
INFO:sqlalchemy.engine.Engine:[raw sql] {}
INFO:root:Logging started at 2021-04-16 20:48:32.841876
INFO:root:Reading in data from C:/Users/Bewle/OneDrive/Documents/school/Rutgers_courses_etc/2021_spring/3_transportation_equity/paper/data/data_deduped.csv
INFO:sqlalchemy.engine.Engine:select version()
INFO:sqlalchemy.engine.Engine:[raw sql] {}
INFO:sqlalchemy.engine.Engine:select current_schema()
INFO:sqlalchemy.engine.Engine:[raw sql] {}
INFO:sqlalchemy.engine.Engine:show standard_conforming_strings
INFO:sqlalchemy.engine.Engine:[raw sql] {}
INFO:sqlalchemy.engine.Engine:
            SELECT c.oid
            FROM pg_catalog.pg_class c
            LEFT JOIN pg_catalog.pg_namespace n ON n.oid = c.relnamespace
            WHERE (pg_catalog.pg_table_is_visible(c.oid))
            AND c.relname = %(table_name)s AND c.relkind in
            ('r', 'v', 'm', 'f', 'p')
        
INFO:sqlalchemy.engine.Engine:[generated in 0.00132s] {'table_name': 'buspositions'}
INFO:sqlalchemy.engine.Engine:
            SELECT a.attname,
              pg_catalog.format_type(a.atttypid, a.atttypmod),
              (
                SELECT pg_catalog.pg_get_expr(d.adbin, d.adrelid)
                FROM pg_catalog.pg_attrdef d
                WHERE d.adrelid = a.attrelid AND d.adnum = a.attnum
                AND a.atthasdef
              ) AS DEFAULT,
              a.attnotnull,
              a.attrelid as table_oid,
              pgd.description as comment,
              a.attgenerated as generated,
                              (SELECT json_build_object(
                    'always', a.attidentity = 'a',
                    'start', s.seqstart,
                    'increment', s.seqincrement,
                    'minvalue', s.seqmin,
                    'maxvalue', s.seqmax,
                    'cache', s.seqcache,
                    'cycle', s.seqcycle)
                FROM pg_catalog.pg_sequence s
                JOIN pg_catalog.pg_class c on s.seqrelid = c."oid"
                WHERE c.relkind = 'S'
                AND a.attidentity != ''
                AND s.seqrelid = pg_catalog.pg_get_serial_sequence(
                    a.attrelid::regclass::text, a.attname
                )::regclass::oid
                ) as identity_options                
            FROM pg_catalog.pg_attribute a
            LEFT JOIN pg_catalog.pg_description pgd ON (
                pgd.objoid = a.attrelid AND pgd.objsubid = a.attnum)
            WHERE a.attrelid = %(table_oid)s
            AND a.attnum > 0 AND NOT a.attisdropped
            ORDER BY a.attnum
        
INFO:sqlalchemy.engine.Engine:[generated in 0.00150s] {'table_oid': 20388}
INFO:sqlalchemy.engine.Engine:
            SELECT t.typname as "name",
               pg_catalog.format_type(t.typbasetype, t.typtypmod) as "attype",
               not t.typnotnull as "nullable",
               t.typdefault as "default",
               pg_catalog.pg_type_is_visible(t.oid) as "visible",
               n.nspname as "schema"
            FROM pg_catalog.pg_type t
               LEFT JOIN pg_catalog.pg_namespace n ON n.oid = t.typnamespace
            WHERE t.typtype = 'd'
        
INFO:sqlalchemy.engine.Engine:[generated in 0.00131s] {}
INFO:sqlalchemy.engine.Engine:
            SELECT t.typname as "name",
               -- no enum defaults in 8.4 at least
               -- t.typdefault as "default",
               pg_catalog.pg_type_is_visible(t.oid) as "visible",
               n.nspname as "schema",
               e.enumlabel as "label"
            FROM pg_catalog.pg_type t
                 LEFT JOIN pg_catalog.pg_namespace n ON n.oid = t.typnamespace
                 LEFT JOIN pg_catalog.pg_enum e ON t.oid = e.enumtypid
            WHERE t.typtype = 'e'
        ORDER BY "schema", "name", e.oid
INFO:sqlalchemy.engine.Engine:[generated in 0.00143s] {}
INFO:sqlalchemy.engine.Engine:
                SELECT a.attname
                FROM pg_attribute a JOIN (
                    SELECT unnest(ix.indkey) attnum,
                           generate_subscripts(ix.indkey, 1) ord
                    FROM pg_index ix
                    WHERE ix.indrelid = %(table_oid)s AND ix.indisprimary
                    ) k ON a.attnum=k.attnum
                WHERE a.attrelid = %(table_oid)s
                ORDER BY k.ord
            
INFO:sqlalchemy.engine.Engine:[generated in 0.00156s] {'table_oid': 20388}
INFO:sqlalchemy.engine.Engine:
        SELECT conname
           FROM  pg_catalog.pg_constraint r
           WHERE r.conrelid = %(table_oid)s AND r.contype = 'p'
           ORDER BY 1
        
INFO:sqlalchemy.engine.Engine:[generated in 0.00103s] {'table_oid': 20388}
INFO:sqlalchemy.engine.Engine:
          SELECT r.conname,
                pg_catalog.pg_get_constraintdef(r.oid, true) as condef,
                n.nspname as conschema
          FROM  pg_catalog.pg_constraint r,
                pg_namespace n,
                pg_class c

          WHERE r.conrelid = %(table)s AND
                r.contype = 'f' AND
                c.oid = confrelid AND
                n.oid = c.relnamespace
          ORDER BY 1
        
INFO:sqlalchemy.engine.Engine:[generated in 0.00137s] {'table': 20388}
INFO:sqlalchemy.engine.Engine:
              SELECT
                  i.relname as relname,
                  ix.indisunique, ix.indexprs,
                  a.attname, a.attnum, c.conrelid, ix.indkey::varchar,
                  ix.indoption::varchar, i.reloptions, am.amname,
                  pg_get_expr(ix.indpred, ix.indrelid),
                  ix.indnkeyatts as indnkeyatts
              FROM
                  pg_class t
                        join pg_index ix on t.oid = ix.indrelid
                        join pg_class i on i.oid = ix.indexrelid
                        left outer join
                            pg_attribute a
                            on t.oid = a.attrelid and a.attnum = ANY(ix.indkey)
                        left outer join
                            pg_constraint c
                            on (ix.indrelid = c.conrelid and
                                ix.indexrelid = c.conindid and
                                c.contype in ('p', 'u', 'x'))
                        left outer join
                            pg_am am
                            on i.relam = am.oid
              WHERE
                  t.relkind IN ('r', 'v', 'f', 'm', 'p')
                  and t.oid = %(table_oid)s
                  and ix.indisprimary = 'f'
              ORDER BY
                  t.relname,
                  i.relname
            
INFO:sqlalchemy.engine.Engine:[generated in 0.00123s] {'table_oid': 20388}
INFO:sqlalchemy.engine.Engine:
            SELECT
                cons.conname as name,
                cons.conkey as key,
                a.attnum as col_num,
                a.attname as col_name
            FROM
                pg_catalog.pg_constraint cons
                join pg_attribute a
                  on cons.conrelid = a.attrelid AND
                    a.attnum = ANY(cons.conkey)
            WHERE
                cons.conrelid = %(table_oid)s AND
                cons.contype = 'u'
        
INFO:sqlalchemy.engine.Engine:[generated in 0.00111s] {'table_oid': 20388}
INFO:sqlalchemy.engine.Engine:
            SELECT
                cons.conname as name,
                pg_get_constraintdef(cons.oid) as src
            FROM
                pg_catalog.pg_constraint cons
            WHERE
                cons.conrelid = %(table_oid)s AND
                cons.contype = 'c'
        
INFO:sqlalchemy.engine.Engine:[generated in 0.00125s] {'table_oid': 20388}
INFO:sqlalchemy.engine.Engine:
            SELECT
                pgd.description as table_comment
            FROM
                pg_catalog.pg_description pgd
            WHERE
                pgd.objsubid = 0 AND
                pgd.objoid = %(table_oid)s
        
INFO:sqlalchemy.engine.Engine:[generated in 0.00134s] {'table_oid': 20388}
INFO:sqlalchemy.engine.Engine:SELECT * FROM buspositions b                                     WHERE NOT EXISTS(                                         SELECT FROM buspositions b1                                         WHERE b.run_number = b1.run_number                                         AND b.vehicle_id = b1.vehicle_id                                         AND b.lon = b1.lon                                         AND b.lat = b1.lat                                         AND date_trunc('day', b.timestamp)::date = date_trunc('day', b1.timestamp)::date                                         AND b.id <> b1.id                                         AND b.has_service = True                                         )
INFO:sqlalchemy.engine.Engine:[raw sql] {}
